<?xml version="1.0" encoding="utf-8"?>
<CoverageSession>
  <Summary numSequencePoints="153" visitedSequencePoints="144" numBranchPoints="153" visitedBranchPoints="144" sequenceCoverage="0,941" branchCoverage="0,941" maxCyclomaticComplexity="0" minCyclomaticComplexity="0" visitedClasses="6" numClasses="6" visitedMethods="32" numMethods="33" />
  <Modules>
    <Module hash="C7C7CDD6-6486-478B-9402-2C397096E1D6">
      <ModulePath>C:\Users\reinaldo.pereira\source\repos\GerenciamentoDeConferencias\GerenciamentoDeConferencias.Test\bin\Debug\netcoreapp2.1\GerenciamentoDeConferencias.Business.dll</ModulePath>
      <ModuleTime>2018-09-26T04:08:18</ModuleTime>
      <ModuleName>GerenciamentoDeConferencias.Business</ModuleName>
      <Files>
        <File uid="1" fullPath="C:\Users\reinaldo.pereira\source\repos\GerenciamentoDeConferencias\GerenciamentoDeConferencias.Business\ConferenciaBusiness.cs" />
        <File uid="2" fullPath="C:\Users\reinaldo.pereira\source\repos\GerenciamentoDeConferencias\GerenciamentoDeConferencias.Business\ImpressaoBusiness.cs" />
      </Files>
      <Classes>
        <Class>
          <Summary numSequencePoints="48" visitedSequencePoints="48" numBranchPoints="16" visitedBranchPoints="16" sequenceCoverage="1" branchCoverage="1" maxCyclomaticComplexity="0" minCyclomaticComplexity="0" visitedClasses="1" numClasses="1" visitedMethods="4" numMethods="4" />
          <FullName>GerenciamentoDeConferencias.Business.ConferenciaBusiness</FullName>
          <Methods>
            <Method cyclomaticComplexity="0" nPathComplexity="0" sequenceCoverage="1" branchCoverage="1" isConstructor="False" isGetter="False" isSetter="False" isStatic="True">
              <Summary numSequencePoints="17" visitedSequencePoints="17" numBranchPoints="4" visitedBranchPoints="4" sequenceCoverage="1" branchCoverage="1" maxCyclomaticComplexity="0" minCyclomaticComplexity="0" visitedClasses="0" numClasses="0" visitedMethods="1" numMethods="1" />
              <MetadataToken />
              <Name>System.Collections.Generic.List`1&lt;GerenciamentoDeConferencias.Models.Trilha&gt; GerenciamentoDeConferencias.Business.ConferenciaBusiness::GerarTrilhas(System.Collections.Generic.List`1&lt;System.String&gt;)</Name>
              <FileRef uid="1" />
              <SequencePoints>
                <SequencePoint vc="9" upsid="16" ordinal="0" sl="16" sc="1" el="16" ec="2" bec="0" bev="0" fileid="1" />
                <SequencePoint vc="9" upsid="20" ordinal="1" sl="20" sc="1" el="20" ec="2" bec="0" bev="0" fileid="1" />
                <SequencePoint vc="102" upsid="21" ordinal="2" sl="21" sc="1" el="21" ec="2" bec="0" bev="0" fileid="1" />
                <SequencePoint vc="39" upsid="22" ordinal="3" sl="22" sc="1" el="22" ec="2" bec="0" bev="0" fileid="1" />
                <SequencePoint vc="39" upsid="23" ordinal="4" sl="23" sc="1" el="23" ec="2" bec="0" bev="0" fileid="1" />
                <SequencePoint vc="36" upsid="24" ordinal="5" sl="24" sc="1" el="24" ec="2" bec="0" bev="0" fileid="1" />
                <SequencePoint vc="6" upsid="27" ordinal="6" sl="27" sc="1" el="27" ec="2" bec="0" bev="0" fileid="1" />
                <SequencePoint vc="6" upsid="30" ordinal="7" sl="30" sc="1" el="30" ec="2" bec="0" bev="0" fileid="1" />
                <SequencePoint vc="34" upsid="32" ordinal="8" sl="32" sc="1" el="32" ec="2" bec="0" bev="0" fileid="1" />
                <SequencePoint vc="8" upsid="33" ordinal="9" sl="33" sc="1" el="33" ec="2" bec="0" bev="0" fileid="1" />
                <SequencePoint vc="8" upsid="35" ordinal="10" sl="35" sc="1" el="35" ec="2" bec="0" bev="0" fileid="1" />
                <SequencePoint vc="8" upsid="38" ordinal="11" sl="38" sc="1" el="38" ec="2" bec="0" bev="0" fileid="1" />
                <SequencePoint vc="8" upsid="41" ordinal="12" sl="41" sc="1" el="41" ec="2" bec="0" bev="0" fileid="1" />
                <SequencePoint vc="8" upsid="44" ordinal="13" sl="44" sc="1" el="44" ec="2" bec="0" bev="0" fileid="1" />
                <SequencePoint vc="8" upsid="45" ordinal="14" sl="45" sc="1" el="45" ec="2" bec="0" bev="0" fileid="1" />
                <SequencePoint vc="6" upsid="47" ordinal="15" sl="47" sc="1" el="47" ec="2" bec="0" bev="0" fileid="1" />
                <SequencePoint vc="6" upsid="48" ordinal="16" sl="48" sc="1" el="48" ec="2" bec="0" bev="0" fileid="1" />
              </SequencePoints>
              <BranchPoints>
                <BranchPoint vc="39" upsid="21" ordinal="1" path="1" offset="49" offsetend="17" sl="21" fileid="1" />
                <BranchPoint vc="6" upsid="21" ordinal="0" path="0" offset="49" offsetend="51" sl="21" fileid="1" />
                <BranchPoint vc="8" upsid="32" ordinal="3" path="1" offset="179" offsetend="95" sl="32" fileid="1" />
                <BranchPoint vc="6" upsid="32" ordinal="2" path="0" offset="179" offsetend="181" sl="32" fileid="1" />
              </BranchPoints>
              <MethodPoint vc="17" upsid="0" p8:type="SequencePoint" ordinal="0" offset="0" sc="0" sl="16" ec="1" el="48" bec="0" bev="0" fileid="1" xmlns:p8="xsi" />
            </Method>
            <Method cyclomaticComplexity="0" nPathComplexity="0" sequenceCoverage="1" branchCoverage="1" isConstructor="False" isGetter="False" isSetter="False" isStatic="True">
              <Summary numSequencePoints="10" visitedSequencePoints="10" numBranchPoints="4" visitedBranchPoints="4" sequenceCoverage="1" branchCoverage="1" maxCyclomaticComplexity="0" minCyclomaticComplexity="0" visitedClasses="0" numClasses="0" visitedMethods="1" numMethods="1" />
              <MetadataToken />
              <Name>System.Int32 GerenciamentoDeConferencias.Business.ConferenciaBusiness::CalcularTotalDeTrilhasNecessarias(System.Collections.Generic.List`1&lt;GerenciamentoDeConferencias.Models.Palestra&gt;)</Name>
              <FileRef uid="1" />
              <SequencePoints>
                <SequencePoint vc="6" upsid="56" ordinal="0" sl="56" sc="1" el="56" ec="2" bec="0" bev="0" fileid="1" />
                <SequencePoint vc="6" upsid="59" ordinal="1" sl="59" sc="1" el="59" ec="2" bec="0" bev="0" fileid="1" />
                <SequencePoint vc="42" upsid="60" ordinal="2" sl="60" sc="1" el="60" ec="2" bec="0" bev="0" fileid="1" />
                <SequencePoint vc="6" upsid="61" ordinal="3" sl="61" sc="1" el="61" ec="2" bec="0" bev="0" fileid="1" />
                <SequencePoint vc="6" upsid="63" ordinal="4" sl="63" sc="1" el="63" ec="2" bec="0" bev="0" fileid="1" />
                <SequencePoint vc="6" upsid="64" ordinal="5" sl="64" sc="1" el="64" ec="2" bec="0" bev="0" fileid="1" />
                <SequencePoint vc="6" upsid="65" ordinal="6" sl="65" sc="1" el="65" ec="2" bec="0" bev="0" fileid="1" />
                <SequencePoint vc="6" upsid="66" ordinal="7" sl="66" sc="1" el="66" ec="2" bec="0" bev="0" fileid="1" />
                <SequencePoint vc="6" upsid="68" ordinal="8" sl="68" sc="1" el="68" ec="2" bec="0" bev="0" fileid="1" />
                <SequencePoint vc="6" upsid="69" ordinal="9" sl="69" sc="1" el="69" ec="2" bec="0" bev="0" fileid="1" />
              </SequencePoints>
              <BranchPoints>
                <BranchPoint vc="1" upsid="60" ordinal="0" path="0" offset="14" offsetend="16" sl="60" fileid="1" />
                <BranchPoint vc="6" upsid="60" ordinal="1" path="1" offset="14" offsetend="39" sl="60" fileid="1" />
                <BranchPoint vc="6" upsid="63" ordinal="2" path="0" offset="57" offsetend="59" sl="63" fileid="1" />
                <BranchPoint vc="6" upsid="63" ordinal="3" path="1" offset="57" offsetend="65" sl="63" fileid="1" />
              </BranchPoints>
              <MethodPoint vc="10" upsid="0" p8:type="SequencePoint" ordinal="1" offset="1" sc="0" sl="56" ec="1" el="69" bec="0" bev="0" fileid="1" xmlns:p8="xsi" />
            </Method>
            <Method cyclomaticComplexity="0" nPathComplexity="0" sequenceCoverage="1" branchCoverage="1" isConstructor="False" isGetter="False" isSetter="False" isStatic="True">
              <Summary numSequencePoints="9" visitedSequencePoints="9" numBranchPoints="2" visitedBranchPoints="2" sequenceCoverage="1" branchCoverage="1" maxCyclomaticComplexity="0" minCyclomaticComplexity="0" visitedClasses="0" numClasses="0" visitedMethods="1" numMethods="1" />
              <MetadataToken />
              <Name>System.Collections.Generic.List`1&lt;GerenciamentoDeConferencias.Models.Trilha&gt; GerenciamentoDeConferencias.Business.ConferenciaBusiness::GerarTrilhas(System.Int32)</Name>
              <FileRef uid="1" />
              <SequencePoints>
                <SequencePoint vc="6" upsid="77" ordinal="0" sl="77" sc="1" el="77" ec="2" bec="0" bev="0" fileid="1" />
                <SequencePoint vc="6" upsid="78" ordinal="1" sl="78" sc="1" el="78" ec="2" bec="0" bev="0" fileid="1" />
                <SequencePoint vc="28" upsid="79" ordinal="2" sl="79" sc="1" el="79" ec="2" bec="0" bev="0" fileid="1" />
                <SequencePoint vc="8" upsid="80" ordinal="3" sl="80" sc="1" el="80" ec="2" bec="0" bev="0" fileid="1" />
                <SequencePoint vc="8" upsid="81" ordinal="4" sl="81" sc="1" el="81" ec="2" bec="0" bev="0" fileid="1" />
                <SequencePoint vc="8" upsid="82" ordinal="5" sl="82" sc="1" el="82" ec="2" bec="0" bev="0" fileid="1" />
                <SequencePoint vc="8" upsid="83" ordinal="6" sl="83" sc="1" el="83" ec="2" bec="0" bev="0" fileid="1" />
                <SequencePoint vc="6" upsid="85" ordinal="7" sl="85" sc="1" el="85" ec="2" bec="0" bev="0" fileid="1" />
                <SequencePoint vc="6" upsid="86" ordinal="8" sl="86" sc="1" el="86" ec="2" bec="0" bev="0" fileid="1" />
              </SequencePoints>
              <BranchPoints>
                <BranchPoint vc="8" upsid="79" ordinal="1" path="1" offset="40" offsetend="11" sl="79" fileid="1" />
                <BranchPoint vc="6" upsid="79" ordinal="0" path="0" offset="40" offsetend="42" sl="79" fileid="1" />
              </BranchPoints>
              <MethodPoint vc="9" upsid="0" p8:type="SequencePoint" ordinal="2" offset="2" sc="0" sl="77" ec="1" el="86" bec="0" bev="0" fileid="1" xmlns:p8="xsi" />
            </Method>
            <Method cyclomaticComplexity="0" nPathComplexity="0" sequenceCoverage="1" branchCoverage="1" isConstructor="False" isGetter="False" isSetter="False" isStatic="True">
              <Summary numSequencePoints="12" visitedSequencePoints="12" numBranchPoints="6" visitedBranchPoints="6" sequenceCoverage="1" branchCoverage="1" maxCyclomaticComplexity="0" minCyclomaticComplexity="0" visitedClasses="0" numClasses="0" visitedMethods="1" numMethods="1" />
              <MetadataToken />
              <Name>System.Void GerenciamentoDeConferencias.Business.ConferenciaBusiness::PreencherSessao(System.Collections.Generic.List`1&lt;GerenciamentoDeConferencias.Models.Palestra&gt;,GerenciamentoDeConferencias.Models.Sessao,System.TimeSpan)</Name>
              <FileRef uid="1" />
              <SequencePoints>
                <SequencePoint vc="16" upsid="94" ordinal="0" sl="94" sc="1" el="94" ec="2" bec="0" bev="0" fileid="1" />
                <SequencePoint vc="200" upsid="95" ordinal="1" sl="95" sc="1" el="95" ec="2" bec="0" bev="0" fileid="1" />
                <SequencePoint vc="76" upsid="96" ordinal="2" sl="96" sc="1" el="96" ec="2" bec="0" bev="0" fileid="1" />
                <SequencePoint vc="76" upsid="97" ordinal="3" sl="97" sc="1" el="97" ec="2" bec="0" bev="0" fileid="1" />
                <SequencePoint vc="36" upsid="98" ordinal="4" sl="98" sc="1" el="98" ec="2" bec="0" bev="0" fileid="1" />
                <SequencePoint vc="36" upsid="99" ordinal="5" sl="99" sc="1" el="99" ec="2" bec="0" bev="0" fileid="1" />
                <SequencePoint vc="36" upsid="103" ordinal="6" sl="103" sc="1" el="103" ec="2" bec="0" bev="0" fileid="1" />
                <SequencePoint vc="36" upsid="106" ordinal="7" sl="106" sc="1" el="106" ec="2" bec="0" bev="0" fileid="1" />
                <SequencePoint vc="36" upsid="107" ordinal="8" sl="107" sc="1" el="107" ec="2" bec="0" bev="0" fileid="1" />
                <SequencePoint vc="76" upsid="108" ordinal="9" sl="108" sc="1" el="108" ec="2" bec="0" bev="0" fileid="1" />
                <SequencePoint vc="52" upsid="111" ordinal="10" sl="111" sc="1" el="111" ec="2" bec="0" bev="0" fileid="1" />
                <SequencePoint vc="16" upsid="112" ordinal="11" sl="112" sc="1" el="112" ec="2" bec="0" bev="0" fileid="1" />
              </SequencePoints>
              <BranchPoints>
                <BranchPoint vc="76" upsid="95" ordinal="5" path="1" offset="120" offsetend="29" sl="95" fileid="1" />
                <BranchPoint vc="36" upsid="97" ordinal="0" path="0" offset="50" offsetend="52" sl="97" fileid="1" />
                <BranchPoint vc="40" upsid="97" ordinal="1" path="1" offset="50" offsetend="63" sl="97" fileid="1" />
                <BranchPoint vc="36" upsid="97" ordinal="2" path="0" offset="66" offsetend="68" sl="97" fileid="1" />
                <BranchPoint vc="76" upsid="97" ordinal="3" path="1" offset="66" offsetend="112" sl="97" fileid="1" />
                <BranchPoint vc="16" upsid="95" ordinal="4" path="0" offset="120" offsetend="122" sl="95" fileid="1" />
              </BranchPoints>
              <MethodPoint vc="12" upsid="0" p8:type="SequencePoint" ordinal="3" offset="3" sc="0" sl="94" ec="1" el="112" bec="0" bev="0" fileid="1" xmlns:p8="xsi" />
            </Method>
          </Methods>
        </Class>
        <Class>
          <Summary numSequencePoints="38" visitedSequencePoints="32" numBranchPoints="10" visitedBranchPoints="8" sequenceCoverage="0,842" branchCoverage="0,8" maxCyclomaticComplexity="0" minCyclomaticComplexity="0" visitedClasses="1" numClasses="1" visitedMethods="2" numMethods="2" />
          <FullName>GerenciamentoDeConferencias.Business.ImpressaoBusiness</FullName>
          <Methods>
            <Method cyclomaticComplexity="0" nPathComplexity="0" sequenceCoverage="0,793" branchCoverage="0,75" isConstructor="False" isGetter="False" isSetter="False" isStatic="True">
              <Summary numSequencePoints="29" visitedSequencePoints="23" numBranchPoints="8" visitedBranchPoints="6" sequenceCoverage="0,793" branchCoverage="0,75" maxCyclomaticComplexity="0" minCyclomaticComplexity="0" visitedClasses="0" numClasses="0" visitedMethods="1" numMethods="1" />
              <MetadataToken />
              <Name>System.Collections.Generic.List`1&lt;System.String&gt; GerenciamentoDeConferencias.Business.ImpressaoBusiness::GerarImpressaoTrilhas(System.Collections.Generic.List`1&lt;GerenciamentoDeConferencias.Models.Trilha&gt;)</Name>
              <FileRef uid="2" />
              <SequencePoints>
                <SequencePoint vc="2" upsid="19" ordinal="0" sl="19" sc="1" el="19" ec="2" bec="0" bev="0" fileid="2" />
                <SequencePoint vc="2" upsid="20" ordinal="1" sl="20" sc="1" el="20" ec="2" bec="0" bev="0" fileid="2" />
                <SequencePoint vc="12" upsid="22" ordinal="2" sl="22" sc="1" el="22" ec="2" bec="0" bev="0" fileid="2" />
                <SequencePoint vc="3" upsid="23" ordinal="3" sl="23" sc="1" el="23" ec="2" bec="0" bev="0" fileid="2" />
                <SequencePoint vc="3" upsid="24" ordinal="4" sl="24" sc="1" el="24" ec="2" bec="0" bev="0" fileid="2" />
                <SequencePoint vc="3" upsid="27" ordinal="5" sl="27" sc="1" el="27" ec="2" bec="0" bev="0" fileid="2" />
                <SequencePoint vc="3" upsid="30" ordinal="6" sl="30" sc="1" el="30" ec="2" bec="0" bev="0" fileid="2" />
                <SequencePoint vc="3" upsid="31" ordinal="7" sl="31" sc="1" el="31" ec="2" bec="0" bev="0" fileid="2" />
                <SequencePoint vc="3" upsid="34" ordinal="8" sl="34" sc="1" el="34" ec="2" bec="0" bev="0" fileid="2" />
                <SequencePoint vc="3" upsid="37" ordinal="9" sl="37" sc="1" el="37" ec="2" bec="0" bev="0" fileid="2" />
                <SequencePoint vc="21" upsid="38" ordinal="10" sl="38" sc="1" el="38" ec="2" bec="0" bev="0" fileid="2" />
                <SequencePoint vc="3" upsid="39" ordinal="11" sl="39" sc="1" el="39" ec="2" bec="0" bev="0" fileid="2" />
                <SequencePoint vc="3" upsid="40" ordinal="12" sl="40" sc="1" el="40" ec="2" bec="0" bev="0" fileid="2" />
                <SequencePoint vc="3" upsid="41" ordinal="13" sl="41" sc="1" el="41" ec="2" bec="0" bev="0" fileid="2" />
                <SequencePoint vc="3" upsid="45" ordinal="14" sl="45" sc="1" el="45" ec="2" bec="0" bev="0" fileid="2" />
                <SequencePoint vc="0" upsid="46" ordinal="15" sl="46" sc="1" el="46" ec="2" bec="0" bev="0" fileid="2" />
                <SequencePoint vc="0" upsid="47" ordinal="16" sl="47" sc="1" el="47" ec="2" bec="0" bev="0" fileid="2" />
                <SequencePoint vc="0" upsid="48" ordinal="17" sl="48" sc="1" el="48" ec="2" bec="0" bev="0" fileid="2" />
                <SequencePoint vc="3" upsid="49" ordinal="18" sl="49" sc="1" el="49" ec="2" bec="0" bev="0" fileid="2" />
                <SequencePoint vc="0" upsid="50" ordinal="19" sl="50" sc="1" el="50" ec="2" bec="0" bev="0" fileid="2" />
                <SequencePoint vc="0" upsid="51" ordinal="20" sl="51" sc="1" el="51" ec="2" bec="0" bev="0" fileid="2" />
                <SequencePoint vc="0" upsid="52" ordinal="21" sl="52" sc="1" el="52" ec="2" bec="0" bev="0" fileid="2" />
                <SequencePoint vc="3" upsid="54" ordinal="22" sl="54" sc="1" el="54" ec="2" bec="0" bev="0" fileid="2" />
                <SequencePoint vc="3" upsid="55" ordinal="23" sl="55" sc="1" el="55" ec="2" bec="0" bev="0" fileid="2" />
                <SequencePoint vc="3" upsid="56" ordinal="24" sl="56" sc="1" el="56" ec="2" bec="0" bev="0" fileid="2" />
                <SequencePoint vc="3" upsid="58" ordinal="25" sl="58" sc="1" el="58" ec="2" bec="0" bev="0" fileid="2" />
                <SequencePoint vc="3" upsid="59" ordinal="26" sl="59" sc="1" el="59" ec="2" bec="0" bev="0" fileid="2" />
                <SequencePoint vc="2" upsid="61" ordinal="27" sl="61" sc="1" el="61" ec="2" bec="0" bev="0" fileid="2" />
                <SequencePoint vc="2" upsid="62" ordinal="28" sl="62" sc="1" el="62" ec="2" bec="0" bev="0" fileid="2" />
              </SequencePoints>
              <BranchPoints>
                <BranchPoint vc="3" upsid="22" ordinal="7" path="1" offset="360" offsetend="20" sl="22" fileid="2" />
                <BranchPoint vc="1" upsid="37" ordinal="0" path="0" offset="150" offsetend="152" sl="37" fileid="2" />
                <BranchPoint vc="3" upsid="37" ordinal="1" path="1" offset="150" offsetend="175" sl="37" fileid="2" />
                <BranchPoint vc="0" upsid="45" ordinal="2" path="0" offset="243" offsetend="245" sl="45" fileid="2" />
                <BranchPoint vc="3" upsid="45" ordinal="3" path="1" offset="243" offsetend="270" sl="45" fileid="2" />
                <BranchPoint vc="0" upsid="49" ordinal="4" path="0" offset="295" offsetend="297" sl="49" fileid="2" />
                <BranchPoint vc="3" upsid="49" ordinal="5" path="1" offset="295" offsetend="322" sl="49" fileid="2" />
                <BranchPoint vc="2" upsid="22" ordinal="6" path="0" offset="360" offsetend="365" sl="22" fileid="2" />
              </BranchPoints>
              <MethodPoint vc="23" upsid="0" p8:type="SequencePoint" ordinal="0" offset="0" sc="0" sl="19" ec="1" el="62" bec="0" bev="0" fileid="2" xmlns:p8="xsi" />
            </Method>
            <Method cyclomaticComplexity="0" nPathComplexity="0" sequenceCoverage="1" branchCoverage="1" isConstructor="False" isGetter="False" isSetter="False" isStatic="True">
              <Summary numSequencePoints="9" visitedSequencePoints="9" numBranchPoints="2" visitedBranchPoints="2" sequenceCoverage="1" branchCoverage="1" maxCyclomaticComplexity="0" minCyclomaticComplexity="0" visitedClasses="0" numClasses="0" visitedMethods="1" numMethods="1" />
              <MetadataToken />
              <Name>System.Collections.Generic.IEnumerable`1&lt;System.String&gt; GerenciamentoDeConferencias.Business.ImpressaoBusiness::GerarImpressaoSessao(GerenciamentoDeConferencias.Models.Sessao)</Name>
              <FileRef uid="2" />
              <SequencePoints>
                <SequencePoint vc="6" upsid="70" ordinal="0" sl="70" sc="1" el="70" ec="2" bec="0" bev="0" fileid="2" />
                <SequencePoint vc="6" upsid="71" ordinal="1" sl="71" sc="1" el="71" ec="2" bec="0" bev="0" fileid="2" />
                <SequencePoint vc="76" upsid="73" ordinal="2" sl="73" sc="1" el="73" ec="2" bec="0" bev="0" fileid="2" />
                <SequencePoint vc="29" upsid="74" ordinal="3" sl="74" sc="1" el="74" ec="2" bec="0" bev="0" fileid="2" />
                <SequencePoint vc="29" upsid="75" ordinal="4" sl="75" sc="1" el="75" ec="2" bec="0" bev="0" fileid="2" />
                <SequencePoint vc="29" upsid="76" ordinal="5" sl="76" sc="1" el="76" ec="2" bec="0" bev="0" fileid="2" />
                <SequencePoint vc="29" upsid="77" ordinal="6" sl="77" sc="1" el="77" ec="2" bec="0" bev="0" fileid="2" />
                <SequencePoint vc="6" upsid="79" ordinal="7" sl="79" sc="1" el="79" ec="2" bec="0" bev="0" fileid="2" />
                <SequencePoint vc="6" upsid="80" ordinal="8" sl="80" sc="1" el="80" ec="2" bec="0" bev="0" fileid="2" />
              </SequencePoints>
              <BranchPoints>
                <BranchPoint vc="29" upsid="73" ordinal="1" path="1" offset="84" offsetend="22" sl="73" fileid="2" />
                <BranchPoint vc="6" upsid="73" ordinal="0" path="0" offset="84" offsetend="86" sl="73" fileid="2" />
              </BranchPoints>
              <MethodPoint vc="9" upsid="0" p8:type="SequencePoint" ordinal="1" offset="1" sc="0" sl="70" ec="1" el="80" bec="0" bev="0" fileid="2" xmlns:p8="xsi" />
            </Method>
          </Methods>
        </Class>
      </Classes>
    </Module>
    <Module hash="AC7EB7C9-D180-4482-ABFA-974139EC0619">
      <ModulePath>C:\Users\reinaldo.pereira\source\repos\GerenciamentoDeConferencias\GerenciamentoDeConferencias.Test\bin\Debug\netcoreapp2.1\GerenciamentoDeConferencias.Helper.dll</ModulePath>
      <ModuleTime>2018-09-26T04:08:18</ModuleTime>
      <ModuleName>GerenciamentoDeConferencias.Helper</ModuleName>
      <Files>
        <File uid="3" fullPath="C:\Users\reinaldo.pereira\source\repos\GerenciamentoDeConferencias\GerenciamentoDeConferencias.Helper\Helper.cs" />
      </Files>
      <Classes>
        <Class>
          <Summary numSequencePoints="3" visitedSequencePoints="3" numBranchPoints="0" visitedBranchPoints="0" sequenceCoverage="1" branchCoverage="0" maxCyclomaticComplexity="0" minCyclomaticComplexity="0" visitedClasses="1" numClasses="1" visitedMethods="2" numMethods="2" />
          <FullName>GerenciamentoDeConferencias.Helper</FullName>
          <Methods>
            <Method cyclomaticComplexity="0" nPathComplexity="0" sequenceCoverage="1" branchCoverage="0" isConstructor="False" isGetter="False" isSetter="False" isStatic="True">
              <Summary numSequencePoints="2" visitedSequencePoints="2" numBranchPoints="0" visitedBranchPoints="0" sequenceCoverage="1" branchCoverage="0" maxCyclomaticComplexity="0" minCyclomaticComplexity="0" visitedClasses="0" numClasses="0" visitedMethods="1" numMethods="1" />
              <MetadataToken />
              <Name>System.String GerenciamentoDeConferencias.Helper::FormatarHorario(System.TimeSpan)</Name>
              <FileRef uid="3" />
              <SequencePoints>
                <SequencePoint vc="35" upsid="17" ordinal="0" sl="17" sc="1" el="17" ec="2" bec="0" bev="0" fileid="3" />
                <SequencePoint vc="35" upsid="18" ordinal="1" sl="18" sc="1" el="18" ec="2" bec="0" bev="0" fileid="3" />
              </SequencePoints>
              <BranchPoints />
              <MethodPoint vc="2" upsid="0" p8:type="SequencePoint" ordinal="0" offset="0" sc="0" sl="17" ec="1" el="18" bec="0" bev="0" fileid="3" xmlns:p8="xsi" />
            </Method>
            <Method cyclomaticComplexity="0" nPathComplexity="0" sequenceCoverage="1" branchCoverage="0" isConstructor="False" isGetter="False" isSetter="False" isStatic="True">
              <Summary numSequencePoints="1" visitedSequencePoints="1" numBranchPoints="0" visitedBranchPoints="0" sequenceCoverage="1" branchCoverage="0" maxCyclomaticComplexity="0" minCyclomaticComplexity="0" visitedClasses="0" numClasses="0" visitedMethods="1" numMethods="1" />
              <MetadataToken />
              <Name>System.String GerenciamentoDeConferencias.Helper::BuscarNumeros(System.String)</Name>
              <FileRef uid="3" />
              <SequencePoints>
                <SequencePoint vc="39" upsid="25" ordinal="0" sl="25" sc="1" el="25" ec="2" bec="0" bev="0" fileid="3" />
              </SequencePoints>
              <BranchPoints />
              <MethodPoint vc="1" upsid="0" p8:type="SequencePoint" ordinal="1" offset="1" sc="0" sl="25" ec="1" el="25" bec="0" bev="0" fileid="3" xmlns:p8="xsi" />
            </Method>
          </Methods>
        </Class>
      </Classes>
    </Module>
    <Module hash="1C55E154-741E-45F5-B75C-6EC909D17516">
      <ModulePath>C:\Users\reinaldo.pereira\source\repos\GerenciamentoDeConferencias\GerenciamentoDeConferencias.Test\bin\Debug\netcoreapp2.1\GerenciamentoDeConferencias.Models.dll</ModulePath>
      <ModuleTime>2018-09-26T04:08:18</ModuleTime>
      <ModuleName>GerenciamentoDeConferencias.Models</ModuleName>
      <Files>
        <File uid="4" fullPath="C:\Users\reinaldo.pereira\source\repos\GerenciamentoDeConferencias\GerenciamentoDeConferencias.Models\Palestra.cs" />
        <File uid="5" fullPath="C:\Users\reinaldo.pereira\source\repos\GerenciamentoDeConferencias\GerenciamentoDeConferencias.Models\Sessao.cs" />
        <File uid="6" fullPath="C:\Users\reinaldo.pereira\source\repos\GerenciamentoDeConferencias\GerenciamentoDeConferencias.Models\Trilha.cs" />
      </Files>
      <Classes>
        <Class>
          <Summary numSequencePoints="38" visitedSequencePoints="36" numBranchPoints="10" visitedBranchPoints="9" sequenceCoverage="0,947" branchCoverage="0,9" maxCyclomaticComplexity="0" minCyclomaticComplexity="0" visitedClasses="1" numClasses="1" visitedMethods="9" numMethods="9" />
          <FullName>GerenciamentoDeConferencias.Models.Palestra</FullName>
          <Methods>
            <Method cyclomaticComplexity="0" nPathComplexity="0" sequenceCoverage="1" branchCoverage="0" isConstructor="False" isGetter="True" isSetter="False" isStatic="True">
              <Summary numSequencePoints="1" visitedSequencePoints="1" numBranchPoints="0" visitedBranchPoints="0" sequenceCoverage="1" branchCoverage="0" maxCyclomaticComplexity="0" minCyclomaticComplexity="0" visitedClasses="0" numClasses="0" visitedMethods="1" numMethods="1" />
              <MetadataToken />
              <Name>System.Int32 GerenciamentoDeConferencias.Models.Palestra::get_Duracao()</Name>
              <FileRef uid="4" />
              <SequencePoints>
                <SequencePoint vc="536" upsid="25" ordinal="0" sl="25" sc="1" el="25" ec="2" bec="0" bev="0" fileid="4" />
              </SequencePoints>
              <BranchPoints />
              <MethodPoint vc="1" upsid="0" p8:type="SequencePoint" ordinal="0" offset="0" sc="0" sl="25" ec="1" el="25" bec="0" bev="0" fileid="4" xmlns:p8="xsi" />
            </Method>
            <Method cyclomaticComplexity="0" nPathComplexity="0" sequenceCoverage="1" branchCoverage="0" isConstructor="False" isGetter="False" isSetter="True" isStatic="True">
              <Summary numSequencePoints="1" visitedSequencePoints="1" numBranchPoints="0" visitedBranchPoints="0" sequenceCoverage="1" branchCoverage="0" maxCyclomaticComplexity="0" minCyclomaticComplexity="0" visitedClasses="0" numClasses="0" visitedMethods="1" numMethods="1" />
              <MetadataToken />
              <Name>System.Void GerenciamentoDeConferencias.Models.Palestra::set_Duracao(System.Int32)</Name>
              <FileRef uid="4" />
              <SequencePoints>
                <SequencePoint vc="38" upsid="26" ordinal="0" sl="26" sc="1" el="26" ec="2" bec="0" bev="0" fileid="4" />
              </SequencePoints>
              <BranchPoints />
              <MethodPoint vc="1" upsid="0" p8:type="SequencePoint" ordinal="1" offset="1" sc="0" sl="26" ec="1" el="26" bec="0" bev="0" fileid="4" xmlns:p8="xsi" />
            </Method>
            <Method cyclomaticComplexity="0" nPathComplexity="0" sequenceCoverage="1" branchCoverage="0" isConstructor="False" isGetter="True" isSetter="False" isStatic="True">
              <Summary numSequencePoints="1" visitedSequencePoints="1" numBranchPoints="0" visitedBranchPoints="0" sequenceCoverage="1" branchCoverage="0" maxCyclomaticComplexity="0" minCyclomaticComplexity="0" visitedClasses="0" numClasses="0" visitedMethods="1" numMethods="1" />
              <MetadataToken />
              <Name>System.String GerenciamentoDeConferencias.Models.Palestra::get_Titulo()</Name>
              <FileRef uid="4" />
              <SequencePoints>
                <SequencePoint vc="67" upsid="34" ordinal="0" sl="34" sc="1" el="34" ec="2" bec="0" bev="0" fileid="4" />
              </SequencePoints>
              <BranchPoints />
              <MethodPoint vc="1" upsid="0" p8:type="SequencePoint" ordinal="2" offset="2" sc="0" sl="34" ec="1" el="34" bec="0" bev="0" fileid="4" xmlns:p8="xsi" />
            </Method>
            <Method cyclomaticComplexity="0" nPathComplexity="0" sequenceCoverage="1" branchCoverage="0" isConstructor="False" isGetter="False" isSetter="True" isStatic="True">
              <Summary numSequencePoints="1" visitedSequencePoints="1" numBranchPoints="0" visitedBranchPoints="0" sequenceCoverage="1" branchCoverage="0" maxCyclomaticComplexity="0" minCyclomaticComplexity="0" visitedClasses="0" numClasses="0" visitedMethods="1" numMethods="1" />
              <MetadataToken />
              <Name>System.Void GerenciamentoDeConferencias.Models.Palestra::set_Titulo(System.String)</Name>
              <FileRef uid="4" />
              <SequencePoints>
                <SequencePoint vc="38" upsid="35" ordinal="0" sl="35" sc="1" el="35" ec="2" bec="0" bev="0" fileid="4" />
              </SequencePoints>
              <BranchPoints />
              <MethodPoint vc="1" upsid="0" p8:type="SequencePoint" ordinal="3" offset="3" sc="0" sl="35" ec="1" el="35" bec="0" bev="0" fileid="4" xmlns:p8="xsi" />
            </Method>
            <Method cyclomaticComplexity="0" nPathComplexity="0" sequenceCoverage="1" branchCoverage="0" isConstructor="False" isGetter="True" isSetter="False" isStatic="True">
              <Summary numSequencePoints="1" visitedSequencePoints="1" numBranchPoints="0" visitedBranchPoints="0" sequenceCoverage="1" branchCoverage="0" maxCyclomaticComplexity="0" minCyclomaticComplexity="0" visitedClasses="0" numClasses="0" visitedMethods="1" numMethods="1" />
              <MetadataToken />
              <Name>System.TimeSpan GerenciamentoDeConferencias.Models.Palestra::get_Horario()</Name>
              <FileRef uid="4" />
              <SequencePoints>
                <SequencePoint vc="52" upsid="40" ordinal="0" sl="40" sc="1" el="40" ec="2" bec="0" bev="0" fileid="4" />
              </SequencePoints>
              <BranchPoints />
              <MethodPoint vc="1" upsid="0" p8:type="SequencePoint" ordinal="4" offset="4" sc="0" sl="40" ec="1" el="40" bec="0" bev="0" fileid="4" xmlns:p8="xsi" />
            </Method>
            <Method cyclomaticComplexity="0" nPathComplexity="0" sequenceCoverage="1" branchCoverage="0" isConstructor="False" isGetter="False" isSetter="True" isStatic="True">
              <Summary numSequencePoints="1" visitedSequencePoints="1" numBranchPoints="0" visitedBranchPoints="0" sequenceCoverage="1" branchCoverage="0" maxCyclomaticComplexity="0" minCyclomaticComplexity="0" visitedClasses="0" numClasses="0" visitedMethods="1" numMethods="1" />
              <MetadataToken />
              <Name>System.Void GerenciamentoDeConferencias.Models.Palestra::set_Horario(System.TimeSpan)</Name>
              <FileRef uid="4" />
              <SequencePoints>
                <SequencePoint vc="36" upsid="41" ordinal="0" sl="41" sc="1" el="41" ec="2" bec="0" bev="0" fileid="4" />
              </SequencePoints>
              <BranchPoints />
              <MethodPoint vc="1" upsid="0" p8:type="SequencePoint" ordinal="5" offset="5" sc="0" sl="41" ec="1" el="41" bec="0" bev="0" fileid="4" xmlns:p8="xsi" />
            </Method>
            <Method cyclomaticComplexity="0" nPathComplexity="0" sequenceCoverage="0,818" branchCoverage="0,833" isConstructor="False" isGetter="False" isSetter="False" isStatic="True">
              <Summary numSequencePoints="11" visitedSequencePoints="9" numBranchPoints="6" visitedBranchPoints="5" sequenceCoverage="0,818" branchCoverage="0,833" maxCyclomaticComplexity="0" minCyclomaticComplexity="0" visitedClasses="0" numClasses="0" visitedMethods="1" numMethods="1" />
              <MetadataToken />
              <Name>System.Void GerenciamentoDeConferencias.Models.Palestra::ValidarTrilha()</Name>
              <FileRef uid="4" />
              <SequencePoints>
                <SequencePoint vc="39" upsid="48" ordinal="0" sl="48" sc="1" el="48" ec="2" bec="0" bev="0" fileid="4" />
                <SequencePoint vc="39" upsid="49" ordinal="1" sl="49" sc="1" el="49" ec="2" bec="0" bev="0" fileid="4" />
                <SequencePoint vc="1" upsid="50" ordinal="2" sl="50" sc="1" el="50" ec="2" bec="0" bev="0" fileid="4" />
                <SequencePoint vc="1" upsid="51" ordinal="3" sl="51" sc="1" el="51" ec="2" bec="0" bev="0" fileid="4" />
                <SequencePoint vc="38" upsid="54" ordinal="4" sl="54" sc="1" el="54" ec="2" bec="0" bev="0" fileid="4" />
                <SequencePoint vc="2" upsid="55" ordinal="5" sl="55" sc="1" el="55" ec="2" bec="0" bev="0" fileid="4" />
                <SequencePoint vc="2" upsid="56" ordinal="6" sl="56" sc="1" el="56" ec="2" bec="0" bev="0" fileid="4" />
                <SequencePoint vc="36" upsid="61" ordinal="7" sl="61" sc="1" el="61" ec="2" bec="0" bev="0" fileid="4" />
                <SequencePoint vc="0" upsid="62" ordinal="8" sl="62" sc="1" el="62" ec="2" bec="0" bev="0" fileid="4" />
                <SequencePoint vc="0" upsid="63" ordinal="9" sl="63" sc="1" el="63" ec="2" bec="0" bev="0" fileid="4" />
                <SequencePoint vc="36" upsid="65" ordinal="10" sl="65" sc="1" el="65" ec="2" bec="0" bev="0" fileid="4" />
              </SequencePoints>
              <BranchPoints>
                <BranchPoint vc="1" upsid="49" ordinal="0" path="0" offset="12" offsetend="14" sl="49" fileid="4" />
                <BranchPoint vc="38" upsid="49" ordinal="1" path="1" offset="12" offsetend="26" sl="49" fileid="4" />
                <BranchPoint vc="2" upsid="54" ordinal="2" path="0" offset="39" offsetend="41" sl="54" fileid="4" />
                <BranchPoint vc="36" upsid="54" ordinal="3" path="1" offset="39" offsetend="53" sl="54" fileid="4" />
                <BranchPoint vc="0" upsid="61" ordinal="4" path="0" offset="68" offsetend="70" sl="61" fileid="4" />
                <BranchPoint vc="36" upsid="61" ordinal="5" path="1" offset="68" offsetend="82" sl="61" fileid="4" />
              </BranchPoints>
              <MethodPoint vc="9" upsid="0" p8:type="SequencePoint" ordinal="6" offset="6" sc="0" sl="48" ec="1" el="65" bec="0" bev="0" fileid="4" xmlns:p8="xsi" />
            </Method>
            <Method cyclomaticComplexity="0" nPathComplexity="0" sequenceCoverage="1" branchCoverage="1" isConstructor="False" isGetter="False" isSetter="False" isStatic="True">
              <Summary numSequencePoints="16" visitedSequencePoints="16" numBranchPoints="4" visitedBranchPoints="4" sequenceCoverage="1" branchCoverage="1" maxCyclomaticComplexity="0" minCyclomaticComplexity="0" visitedClasses="0" numClasses="0" visitedMethods="1" numMethods="1" />
              <MetadataToken />
              <Name>System.Void GerenciamentoDeConferencias.Models.Palestra::PreecherTrilha(System.String)</Name>
              <FileRef uid="4" />
              <SequencePoints>
                <SequencePoint vc="39" upsid="72" ordinal="0" sl="72" sc="1" el="72" ec="2" bec="0" bev="0" fileid="4" />
                <SequencePoint vc="39" upsid="74" ordinal="1" sl="74" sc="1" el="74" ec="2" bec="0" bev="0" fileid="4" />
                <SequencePoint vc="39" upsid="77" ordinal="2" sl="77" sc="1" el="77" ec="2" bec="0" bev="0" fileid="4" />
                <SequencePoint vc="35" upsid="78" ordinal="3" sl="78" sc="1" el="78" ec="2" bec="0" bev="0" fileid="4" />
                <SequencePoint vc="35" upsid="79" ordinal="4" sl="79" sc="1" el="79" ec="2" bec="0" bev="0" fileid="4" />
                <SequencePoint vc="35" upsid="80" ordinal="5" sl="80" sc="1" el="80" ec="2" bec="0" bev="0" fileid="4" />
                <SequencePoint vc="35" upsid="81" ordinal="6" sl="81" sc="1" el="81" ec="2" bec="0" bev="0" fileid="4" />
                <SequencePoint vc="4" upsid="83" ordinal="7" sl="83" sc="1" el="83" ec="2" bec="0" bev="0" fileid="4" />
                <SequencePoint vc="4" upsid="84" ordinal="8" sl="84" sc="1" el="84" ec="2" bec="0" bev="0" fileid="4" />
                <SequencePoint vc="4" upsid="85" ordinal="9" sl="85" sc="1" el="85" ec="2" bec="0" bev="0" fileid="4" />
                <SequencePoint vc="3" upsid="86" ordinal="10" sl="86" sc="1" el="86" ec="2" bec="0" bev="0" fileid="4" />
                <SequencePoint vc="3" upsid="87" ordinal="11" sl="87" sc="1" el="87" ec="2" bec="0" bev="0" fileid="4" />
                <SequencePoint vc="3" upsid="88" ordinal="12" sl="88" sc="1" el="88" ec="2" bec="0" bev="0" fileid="4" />
                <SequencePoint vc="3" upsid="89" ordinal="13" sl="89" sc="1" el="89" ec="2" bec="0" bev="0" fileid="4" />
                <SequencePoint vc="4" upsid="90" ordinal="14" sl="90" sc="1" el="90" ec="2" bec="0" bev="0" fileid="4" />
                <SequencePoint vc="39" upsid="91" ordinal="15" sl="91" sc="1" el="91" ec="2" bec="0" bev="0" fileid="4" />
              </SequencePoints>
              <BranchPoints>
                <BranchPoint vc="35" upsid="77" ordinal="0" path="0" offset="21" offsetend="23" sl="77" fileid="4" />
                <BranchPoint vc="4" upsid="77" ordinal="1" path="1" offset="21" offsetend="70" sl="77" fileid="4" />
                <BranchPoint vc="3" upsid="85" ordinal="2" path="0" offset="87" offsetend="89" sl="85" fileid="4" />
                <BranchPoint vc="4" upsid="85" ordinal="3" path="1" offset="87" offsetend="118" sl="85" fileid="4" />
              </BranchPoints>
              <MethodPoint vc="16" upsid="0" p8:type="SequencePoint" ordinal="7" offset="7" sc="0" sl="72" ec="1" el="91" bec="0" bev="0" fileid="4" xmlns:p8="xsi" />
            </Method>
            <Method cyclomaticComplexity="0" nPathComplexity="0" sequenceCoverage="1" branchCoverage="0" isConstructor="True" isGetter="False" isSetter="False" isStatic="True">
              <Summary numSequencePoints="5" visitedSequencePoints="5" numBranchPoints="0" visitedBranchPoints="0" sequenceCoverage="1" branchCoverage="0" maxCyclomaticComplexity="0" minCyclomaticComplexity="0" visitedClasses="0" numClasses="0" visitedMethods="1" numMethods="1" />
              <MetadataToken />
              <Name>System.Void GerenciamentoDeConferencias.Models.Palestra::.ctor(System.String)</Name>
              <FileRef uid="4" />
              <SequencePoints>
                <SequencePoint vc="39" upsid="14" ordinal="0" sl="14" sc="1" el="14" ec="2" bec="0" bev="0" fileid="4" />
                <SequencePoint vc="39" upsid="15" ordinal="1" sl="15" sc="1" el="15" ec="2" bec="0" bev="0" fileid="4" />
                <SequencePoint vc="39" upsid="16" ordinal="2" sl="16" sc="1" el="16" ec="2" bec="0" bev="0" fileid="4" />
                <SequencePoint vc="39" upsid="17" ordinal="3" sl="17" sc="1" el="17" ec="2" bec="0" bev="0" fileid="4" />
                <SequencePoint vc="36" upsid="18" ordinal="4" sl="18" sc="1" el="18" ec="2" bec="0" bev="0" fileid="4" />
              </SequencePoints>
              <BranchPoints />
              <MethodPoint vc="5" upsid="0" p8:type="SequencePoint" ordinal="8" offset="8" sc="0" sl="14" ec="1" el="18" bec="0" bev="0" fileid="4" xmlns:p8="xsi" />
            </Method>
          </Methods>
        </Class>
        <Class>
          <Summary numSequencePoints="14" visitedSequencePoints="13" numBranchPoints="2" visitedBranchPoints="2" sequenceCoverage="0,929" branchCoverage="1" maxCyclomaticComplexity="0" minCyclomaticComplexity="0" visitedClasses="1" numClasses="1" visitedMethods="8" numMethods="9" />
          <FullName>GerenciamentoDeConferencias.Models.Sessao</FullName>
          <Methods>
            <Method cyclomaticComplexity="0" nPathComplexity="0" sequenceCoverage="1" branchCoverage="1" isConstructor="False" isGetter="True" isSetter="False" isStatic="True">
              <Summary numSequencePoints="1" visitedSequencePoints="1" numBranchPoints="2" visitedBranchPoints="2" sequenceCoverage="1" branchCoverage="1" maxCyclomaticComplexity="0" minCyclomaticComplexity="0" visitedClasses="0" numClasses="0" visitedMethods="1" numMethods="1" />
              <MetadataToken />
              <Name>System.Int32 GerenciamentoDeConferencias.Models.Sessao::get_TempoDisponivel()</Name>
              <FileRef uid="5" />
              <SequencePoints>
                <SequencePoint vc="392" upsid="26" ordinal="0" sl="26" sc="1" el="26" ec="2" bec="0" bev="0" fileid="5" />
              </SequencePoints>
              <BranchPoints>
                <BranchPoint vc="1" upsid="26" ordinal="0" path="0" offset="18" offsetend="20" sl="26" fileid="5" />
                <BranchPoint vc="112" upsid="26" ordinal="1" path="1" offset="18" offsetend="43" sl="26" fileid="5" />
              </BranchPoints>
              <MethodPoint vc="1" upsid="0" p8:type="SequencePoint" ordinal="0" offset="0" sc="0" sl="26" ec="1" el="26" bec="0" bev="0" fileid="5" xmlns:p8="xsi" />
            </Method>
            <Method cyclomaticComplexity="0" nPathComplexity="0" sequenceCoverage="1" branchCoverage="0" isConstructor="False" isGetter="True" isSetter="False" isStatic="True">
              <Summary numSequencePoints="1" visitedSequencePoints="1" numBranchPoints="0" visitedBranchPoints="0" sequenceCoverage="1" branchCoverage="0" maxCyclomaticComplexity="0" minCyclomaticComplexity="0" visitedClasses="0" numClasses="0" visitedMethods="1" numMethods="1" />
              <MetadataToken />
              <Name>System.Boolean GerenciamentoDeConferencias.Models.Sessao::get_Cheia()</Name>
              <FileRef uid="5" />
              <SequencePoints>
                <SequencePoint vc="36" upsid="31" ordinal="0" sl="31" sc="1" el="31" ec="2" bec="0" bev="0" fileid="5" />
              </SequencePoints>
              <BranchPoints />
              <MethodPoint vc="1" upsid="0" p8:type="SequencePoint" ordinal="1" offset="1" sc="0" sl="31" ec="1" el="31" bec="0" bev="0" fileid="5" xmlns:p8="xsi" />
            </Method>
            <Method cyclomaticComplexity="0" nPathComplexity="0" sequenceCoverage="0" branchCoverage="0" isConstructor="False" isGetter="True" isSetter="False" isStatic="True">
              <Summary numSequencePoints="1" visitedSequencePoints="0" numBranchPoints="0" visitedBranchPoints="0" sequenceCoverage="0" branchCoverage="0" maxCyclomaticComplexity="0" minCyclomaticComplexity="0" visitedClasses="0" numClasses="0" visitedMethods="0" numMethods="1" />
              <MetadataToken />
              <Name>System.String GerenciamentoDeConferencias.Models.Sessao::get_Nome()</Name>
              <FileRef uid="5" />
              <SequencePoints>
                <SequencePoint vc="0" upsid="38" ordinal="0" sl="38" sc="1" el="38" ec="2" bec="0" bev="0" fileid="5" />
              </SequencePoints>
              <BranchPoints />
              <MethodPoint vc="0" upsid="0" p8:type="SequencePoint" ordinal="2" offset="2" sc="0" sl="38" ec="1" el="38" bec="0" bev="0" fileid="5" xmlns:p8="xsi" />
            </Method>
            <Method cyclomaticComplexity="0" nPathComplexity="0" sequenceCoverage="1" branchCoverage="0" isConstructor="False" isGetter="False" isSetter="True" isStatic="True">
              <Summary numSequencePoints="1" visitedSequencePoints="1" numBranchPoints="0" visitedBranchPoints="0" sequenceCoverage="1" branchCoverage="0" maxCyclomaticComplexity="0" minCyclomaticComplexity="0" visitedClasses="0" numClasses="0" visitedMethods="1" numMethods="1" />
              <MetadataToken />
              <Name>System.Void GerenciamentoDeConferencias.Models.Sessao::set_Nome(System.String)</Name>
              <FileRef uid="5" />
              <SequencePoints>
                <SequencePoint vc="16" upsid="39" ordinal="0" sl="39" sc="1" el="39" ec="2" bec="0" bev="0" fileid="5" />
              </SequencePoints>
              <BranchPoints />
              <MethodPoint vc="1" upsid="0" p8:type="SequencePoint" ordinal="3" offset="3" sc="0" sl="39" ec="1" el="39" bec="0" bev="0" fileid="5" xmlns:p8="xsi" />
            </Method>
            <Method cyclomaticComplexity="0" nPathComplexity="0" sequenceCoverage="1" branchCoverage="0" isConstructor="False" isGetter="True" isSetter="False" isStatic="True">
              <Summary numSequencePoints="1" visitedSequencePoints="1" numBranchPoints="0" visitedBranchPoints="0" sequenceCoverage="1" branchCoverage="0" maxCyclomaticComplexity="0" minCyclomaticComplexity="0" visitedClasses="0" numClasses="0" visitedMethods="1" numMethods="1" />
              <MetadataToken />
              <Name>System.Int32 GerenciamentoDeConferencias.Models.Sessao::get_Duracao()</Name>
              <FileRef uid="5" />
              <SequencePoints>
                <SequencePoint vc="112" upsid="47" ordinal="0" sl="47" sc="1" el="47" ec="2" bec="0" bev="0" fileid="5" />
              </SequencePoints>
              <BranchPoints />
              <MethodPoint vc="1" upsid="0" p8:type="SequencePoint" ordinal="4" offset="4" sc="0" sl="47" ec="1" el="47" bec="0" bev="0" fileid="5" xmlns:p8="xsi" />
            </Method>
            <Method cyclomaticComplexity="0" nPathComplexity="0" sequenceCoverage="1" branchCoverage="0" isConstructor="False" isGetter="False" isSetter="True" isStatic="True">
              <Summary numSequencePoints="1" visitedSequencePoints="1" numBranchPoints="0" visitedBranchPoints="0" sequenceCoverage="1" branchCoverage="0" maxCyclomaticComplexity="0" minCyclomaticComplexity="0" visitedClasses="0" numClasses="0" visitedMethods="1" numMethods="1" />
              <MetadataToken />
              <Name>System.Void GerenciamentoDeConferencias.Models.Sessao::set_Duracao(System.Int32)</Name>
              <FileRef uid="5" />
              <SequencePoints>
                <SequencePoint vc="16" upsid="48" ordinal="0" sl="48" sc="1" el="48" ec="2" bec="0" bev="0" fileid="5" />
              </SequencePoints>
              <BranchPoints />
              <MethodPoint vc="1" upsid="0" p8:type="SequencePoint" ordinal="5" offset="5" sc="0" sl="48" ec="1" el="48" bec="0" bev="0" fileid="5" xmlns:p8="xsi" />
            </Method>
            <Method cyclomaticComplexity="0" nPathComplexity="0" sequenceCoverage="1" branchCoverage="0" isConstructor="False" isGetter="True" isSetter="False" isStatic="True">
              <Summary numSequencePoints="1" visitedSequencePoints="1" numBranchPoints="0" visitedBranchPoints="0" sequenceCoverage="1" branchCoverage="0" maxCyclomaticComplexity="0" minCyclomaticComplexity="0" visitedClasses="0" numClasses="0" visitedMethods="1" numMethods="1" />
              <MetadataToken />
              <Name>System.Collections.Generic.List`1&lt;GerenciamentoDeConferencias.Models.Palestra&gt; GerenciamentoDeConferencias.Models.Sessao::get_Palestras()</Name>
              <FileRef uid="5" />
              <SequencePoints>
                <SequencePoint vc="176" upsid="56" ordinal="0" sl="56" sc="1" el="56" ec="2" bec="0" bev="0" fileid="5" />
              </SequencePoints>
              <BranchPoints />
              <MethodPoint vc="1" upsid="0" p8:type="SequencePoint" ordinal="6" offset="6" sc="0" sl="56" ec="1" el="56" bec="0" bev="0" fileid="5" xmlns:p8="xsi" />
            </Method>
            <Method cyclomaticComplexity="0" nPathComplexity="0" sequenceCoverage="1" branchCoverage="0" isConstructor="False" isGetter="False" isSetter="True" isStatic="True">
              <Summary numSequencePoints="1" visitedSequencePoints="1" numBranchPoints="0" visitedBranchPoints="0" sequenceCoverage="1" branchCoverage="0" maxCyclomaticComplexity="0" minCyclomaticComplexity="0" visitedClasses="0" numClasses="0" visitedMethods="1" numMethods="1" />
              <MetadataToken />
              <Name>System.Void GerenciamentoDeConferencias.Models.Sessao::set_Palestras(System.Collections.Generic.List`1&lt;GerenciamentoDeConferencias.Models.Palestra&gt;)</Name>
              <FileRef uid="5" />
              <SequencePoints>
                <SequencePoint vc="16" upsid="57" ordinal="0" sl="57" sc="1" el="57" ec="2" bec="0" bev="0" fileid="5" />
              </SequencePoints>
              <BranchPoints />
              <MethodPoint vc="1" upsid="0" p8:type="SequencePoint" ordinal="7" offset="7" sc="0" sl="57" ec="1" el="57" bec="0" bev="0" fileid="5" xmlns:p8="xsi" />
            </Method>
            <Method cyclomaticComplexity="0" nPathComplexity="0" sequenceCoverage="1" branchCoverage="0" isConstructor="True" isGetter="False" isSetter="False" isStatic="True">
              <Summary numSequencePoints="6" visitedSequencePoints="6" numBranchPoints="0" visitedBranchPoints="0" sequenceCoverage="1" branchCoverage="0" maxCyclomaticComplexity="0" minCyclomaticComplexity="0" visitedClasses="0" numClasses="0" visitedMethods="1" numMethods="1" />
              <MetadataToken />
              <Name>System.Void GerenciamentoDeConferencias.Models.Sessao::.ctor(System.String,System.Int32)</Name>
              <FileRef uid="5" />
              <SequencePoints>
                <SequencePoint vc="16" upsid="16" ordinal="0" sl="16" sc="1" el="16" ec="2" bec="0" bev="0" fileid="5" />
                <SequencePoint vc="16" upsid="17" ordinal="1" sl="17" sc="1" el="17" ec="2" bec="0" bev="0" fileid="5" />
                <SequencePoint vc="16" upsid="18" ordinal="2" sl="18" sc="1" el="18" ec="2" bec="0" bev="0" fileid="5" />
                <SequencePoint vc="16" upsid="19" ordinal="3" sl="19" sc="1" el="19" ec="2" bec="0" bev="0" fileid="5" />
                <SequencePoint vc="16" upsid="20" ordinal="4" sl="20" sc="1" el="20" ec="2" bec="0" bev="0" fileid="5" />
                <SequencePoint vc="16" upsid="21" ordinal="5" sl="21" sc="1" el="21" ec="2" bec="0" bev="0" fileid="5" />
              </SequencePoints>
              <BranchPoints />
              <MethodPoint vc="6" upsid="0" p8:type="SequencePoint" ordinal="8" offset="8" sc="0" sl="16" ec="1" el="21" bec="0" bev="0" fileid="5" xmlns:p8="xsi" />
            </Method>
          </Methods>
        </Class>
        <Class>
          <Summary numSequencePoints="12" visitedSequencePoints="12" numBranchPoints="0" visitedBranchPoints="0" sequenceCoverage="1" branchCoverage="0" maxCyclomaticComplexity="0" minCyclomaticComplexity="0" visitedClasses="1" numClasses="1" visitedMethods="7" numMethods="7" />
          <FullName>GerenciamentoDeConferencias.Models.Trilha</FullName>
          <Methods>
            <Method cyclomaticComplexity="0" nPathComplexity="0" sequenceCoverage="1" branchCoverage="0" isConstructor="False" isGetter="True" isSetter="False" isStatic="True">
              <Summary numSequencePoints="1" visitedSequencePoints="1" numBranchPoints="0" visitedBranchPoints="0" sequenceCoverage="1" branchCoverage="0" maxCyclomaticComplexity="0" minCyclomaticComplexity="0" visitedClasses="0" numClasses="0" visitedMethods="1" numMethods="1" />
              <MetadataToken />
              <Name>System.Int32 GerenciamentoDeConferencias.Models.Trilha::get_NumeroTrilha()</Name>
              <FileRef uid="6" />
              <SequencePoints>
                <SequencePoint vc="3" upsid="24" ordinal="0" sl="24" sc="1" el="24" ec="2" bec="0" bev="0" fileid="6" />
              </SequencePoints>
              <BranchPoints />
              <MethodPoint vc="1" upsid="0" p8:type="SequencePoint" ordinal="0" offset="0" sc="0" sl="24" ec="1" el="24" bec="0" bev="0" fileid="6" xmlns:p8="xsi" />
            </Method>
            <Method cyclomaticComplexity="0" nPathComplexity="0" sequenceCoverage="1" branchCoverage="0" isConstructor="False" isGetter="False" isSetter="True" isStatic="True">
              <Summary numSequencePoints="1" visitedSequencePoints="1" numBranchPoints="0" visitedBranchPoints="0" sequenceCoverage="1" branchCoverage="0" maxCyclomaticComplexity="0" minCyclomaticComplexity="0" visitedClasses="0" numClasses="0" visitedMethods="1" numMethods="1" />
              <MetadataToken />
              <Name>System.Void GerenciamentoDeConferencias.Models.Trilha::set_NumeroTrilha(System.Int32)</Name>
              <FileRef uid="6" />
              <SequencePoints>
                <SequencePoint vc="8" upsid="25" ordinal="0" sl="25" sc="1" el="25" ec="2" bec="0" bev="0" fileid="6" />
              </SequencePoints>
              <BranchPoints />
              <MethodPoint vc="1" upsid="0" p8:type="SequencePoint" ordinal="1" offset="1" sc="0" sl="25" ec="1" el="25" bec="0" bev="0" fileid="6" xmlns:p8="xsi" />
            </Method>
            <Method cyclomaticComplexity="0" nPathComplexity="0" sequenceCoverage="1" branchCoverage="0" isConstructor="False" isGetter="True" isSetter="False" isStatic="True">
              <Summary numSequencePoints="1" visitedSequencePoints="1" numBranchPoints="0" visitedBranchPoints="0" sequenceCoverage="1" branchCoverage="0" maxCyclomaticComplexity="0" minCyclomaticComplexity="0" visitedClasses="0" numClasses="0" visitedMethods="1" numMethods="1" />
              <MetadataToken />
              <Name>GerenciamentoDeConferencias.Models.Sessao GerenciamentoDeConferencias.Models.Trilha::get_Manha()</Name>
              <FileRef uid="6" />
              <SequencePoints>
                <SequencePoint vc="13" upsid="33" ordinal="0" sl="33" sc="1" el="33" ec="2" bec="0" bev="0" fileid="6" />
              </SequencePoints>
              <BranchPoints />
              <MethodPoint vc="1" upsid="0" p8:type="SequencePoint" ordinal="2" offset="2" sc="0" sl="33" ec="1" el="33" bec="0" bev="0" fileid="6" xmlns:p8="xsi" />
            </Method>
            <Method cyclomaticComplexity="0" nPathComplexity="0" sequenceCoverage="1" branchCoverage="0" isConstructor="False" isGetter="False" isSetter="True" isStatic="True">
              <Summary numSequencePoints="1" visitedSequencePoints="1" numBranchPoints="0" visitedBranchPoints="0" sequenceCoverage="1" branchCoverage="0" maxCyclomaticComplexity="0" minCyclomaticComplexity="0" visitedClasses="0" numClasses="0" visitedMethods="1" numMethods="1" />
              <MetadataToken />
              <Name>System.Void GerenciamentoDeConferencias.Models.Trilha::set_Manha(GerenciamentoDeConferencias.Models.Sessao)</Name>
              <FileRef uid="6" />
              <SequencePoints>
                <SequencePoint vc="8" upsid="34" ordinal="0" sl="34" sc="1" el="34" ec="2" bec="0" bev="0" fileid="6" />
              </SequencePoints>
              <BranchPoints />
              <MethodPoint vc="1" upsid="0" p8:type="SequencePoint" ordinal="3" offset="3" sc="0" sl="34" ec="1" el="34" bec="0" bev="0" fileid="6" xmlns:p8="xsi" />
            </Method>
            <Method cyclomaticComplexity="0" nPathComplexity="0" sequenceCoverage="1" branchCoverage="0" isConstructor="False" isGetter="True" isSetter="False" isStatic="True">
              <Summary numSequencePoints="1" visitedSequencePoints="1" numBranchPoints="0" visitedBranchPoints="0" sequenceCoverage="1" branchCoverage="0" maxCyclomaticComplexity="0" minCyclomaticComplexity="0" visitedClasses="0" numClasses="0" visitedMethods="1" numMethods="1" />
              <MetadataToken />
              <Name>GerenciamentoDeConferencias.Models.Sessao GerenciamentoDeConferencias.Models.Trilha::get_Tarde()</Name>
              <FileRef uid="6" />
              <SequencePoints>
                <SequencePoint vc="15" upsid="42" ordinal="0" sl="42" sc="1" el="42" ec="2" bec="0" bev="0" fileid="6" />
              </SequencePoints>
              <BranchPoints />
              <MethodPoint vc="1" upsid="0" p8:type="SequencePoint" ordinal="4" offset="4" sc="0" sl="42" ec="1" el="42" bec="0" bev="0" fileid="6" xmlns:p8="xsi" />
            </Method>
            <Method cyclomaticComplexity="0" nPathComplexity="0" sequenceCoverage="1" branchCoverage="0" isConstructor="False" isGetter="False" isSetter="True" isStatic="True">
              <Summary numSequencePoints="1" visitedSequencePoints="1" numBranchPoints="0" visitedBranchPoints="0" sequenceCoverage="1" branchCoverage="0" maxCyclomaticComplexity="0" minCyclomaticComplexity="0" visitedClasses="0" numClasses="0" visitedMethods="1" numMethods="1" />
              <MetadataToken />
              <Name>System.Void GerenciamentoDeConferencias.Models.Trilha::set_Tarde(GerenciamentoDeConferencias.Models.Sessao)</Name>
              <FileRef uid="6" />
              <SequencePoints>
                <SequencePoint vc="8" upsid="43" ordinal="0" sl="43" sc="1" el="43" ec="2" bec="0" bev="0" fileid="6" />
              </SequencePoints>
              <BranchPoints />
              <MethodPoint vc="1" upsid="0" p8:type="SequencePoint" ordinal="5" offset="5" sc="0" sl="43" ec="1" el="43" bec="0" bev="0" fileid="6" xmlns:p8="xsi" />
            </Method>
            <Method cyclomaticComplexity="0" nPathComplexity="0" sequenceCoverage="1" branchCoverage="0" isConstructor="True" isGetter="False" isSetter="False" isStatic="True">
              <Summary numSequencePoints="6" visitedSequencePoints="6" numBranchPoints="0" visitedBranchPoints="0" sequenceCoverage="1" branchCoverage="0" maxCyclomaticComplexity="0" minCyclomaticComplexity="0" visitedClasses="0" numClasses="0" visitedMethods="1" numMethods="1" />
              <MetadataToken />
              <Name>System.Void GerenciamentoDeConferencias.Models.Trilha::.ctor(System.Int32)</Name>
              <FileRef uid="6" />
              <SequencePoints>
                <SequencePoint vc="8" upsid="12" ordinal="0" sl="12" sc="1" el="12" ec="2" bec="0" bev="0" fileid="6" />
                <SequencePoint vc="8" upsid="13" ordinal="1" sl="13" sc="1" el="13" ec="2" bec="0" bev="0" fileid="6" />
                <SequencePoint vc="8" upsid="14" ordinal="2" sl="14" sc="1" el="14" ec="2" bec="0" bev="0" fileid="6" />
                <SequencePoint vc="8" upsid="15" ordinal="3" sl="15" sc="1" el="15" ec="2" bec="0" bev="0" fileid="6" />
                <SequencePoint vc="8" upsid="16" ordinal="4" sl="16" sc="1" el="16" ec="2" bec="0" bev="0" fileid="6" />
                <SequencePoint vc="8" upsid="17" ordinal="5" sl="17" sc="1" el="17" ec="2" bec="0" bev="0" fileid="6" />
              </SequencePoints>
              <BranchPoints />
              <MethodPoint vc="6" upsid="0" p8:type="SequencePoint" ordinal="6" offset="6" sc="0" sl="12" ec="1" el="17" bec="0" bev="0" fileid="6" xmlns:p8="xsi" />
            </Method>
          </Methods>
        </Class>
      </Classes>
    </Module>
  </Modules>
</CoverageSession>